d:\ubb info\ubb info - anul i (2023-2024)\anul i - sem. ii\poo (programare orientata obiect)\laboratoare\lab14\inchiriere_filme\inchiriere_filme\x64\debug\vc143.pdb
d:\ubb info\ubb info - anul i (2023-2024)\anul i - sem. ii\poo (programare orientata obiect)\laboratoare\lab14\inchiriere_filme\inchiriere_filme\x64\debug\vc143.idb
d:\ubb info\ubb info - anul i (2023-2024)\anul i - sem. ii\poo (programare orientata obiect)\laboratoare\lab14\inchiriere_filme\inchiriere_filme\x64\debug\qrc_inchiriere_filme.obj
d:\ubb info\ubb info - anul i (2023-2024)\anul i - sem. ii\poo (programare orientata obiect)\laboratoare\lab14\inchiriere_filme\inchiriere_filme\x64\debug\service.obj
d:\ubb info\ubb info - anul i (2023-2024)\anul i - sem. ii\poo (programare orientata obiect)\laboratoare\lab14\inchiriere_filme\inchiriere_filme\x64\debug\repofile.obj
d:\ubb info\ubb info - anul i (2023-2024)\anul i - sem. ii\poo (programare orientata obiect)\laboratoare\lab14\inchiriere_filme\inchiriere_filme\x64\debug\repo.obj
d:\ubb info\ubb info - anul i (2023-2024)\anul i - sem. ii\poo (programare orientata obiect)\laboratoare\lab14\inchiriere_filme\inchiriere_filme\x64\debug\teste.obj
d:\ubb info\ubb info - anul i (2023-2024)\anul i - sem. ii\poo (programare orientata obiect)\laboratoare\lab14\inchiriere_filme\inchiriere_filme\x64\debug\filmgui.obj
d:\ubb info\ubb info - anul i (2023-2024)\anul i - sem. ii\poo (programare orientata obiect)\laboratoare\lab14\inchiriere_filme\inchiriere_filme\x64\debug\domain.obj
d:\ubb info\ubb info - anul i (2023-2024)\anul i - sem. ii\poo (programare orientata obiect)\laboratoare\lab14\inchiriere_filme\inchiriere_filme\x64\debug\validators.obj
d:\ubb info\ubb info - anul i (2023-2024)\anul i - sem. ii\poo (programare orientata obiect)\laboratoare\lab14\inchiriere_filme\inchiriere_filme\x64\debug\main.obj
d:\ubb info\ubb info - anul i (2023-2024)\anul i - sem. ii\poo (programare orientata obiect)\laboratoare\lab14\inchiriere_filme\inchiriere_filme\x64\debug\inchiriere_filme.obj
d:\ubb info\ubb info - anul i (2023-2024)\anul i - sem. ii\poo (programare orientata obiect)\laboratoare\lab14\inchiriere_filme\inchiriere_filme\x64\debug\moc_inchiriere_filme.obj
d:\ubb info\ubb info - anul i (2023-2024)\anul i - sem. ii\poo (programare orientata obiect)\laboratoare\lab14\inchiriere_filme\inchiriere_filme\x64\debug\uic\ui_inchiriere_filme.h
d:\ubb info\ubb info - anul i (2023-2024)\anul i - sem. ii\poo (programare orientata obiect)\laboratoare\lab14\inchiriere_filme\inchiriere_filme\x64\debug\rcc\qrc_inchiriere_filme.cpp
d:\ubb info\ubb info - anul i (2023-2024)\anul i - sem. ii\poo (programare orientata obiect)\laboratoare\lab14\inchiriere_filme\inchiriere_filme\x64\debug\moc\moc_inchiriere_filme.cpp
d:\ubb info\ubb info - anul i (2023-2024)\anul i - sem. ii\poo (programare orientata obiect)\laboratoare\lab14\inchiriere_filme\x64\debug\inchiriere_filme.exe
d:\ubb info\ubb info - anul i (2023-2024)\anul i - sem. ii\poo (programare orientata obiect)\laboratoare\lab14\inchiriere_filme\x64\debug\inchiriere_filme.pdb
d:\ubb info\ubb info - anul i (2023-2024)\anul i - sem. ii\poo (programare orientata obiect)\laboratoare\lab14\inchiriere_filme\inchiriere_filme\x64\debug\inchiriere_filme.ilk
d:\ubb info\ubb info - anul i (2023-2024)\anul i - sem. ii\poo (programare orientata obiect)\laboratoare\lab14\inchiriere_filme\inchiriere_filme\x64\debug\inchiriere_filme.tlog\cl.command.1.tlog
d:\ubb info\ubb info - anul i (2023-2024)\anul i - sem. ii\poo (programare orientata obiect)\laboratoare\lab14\inchiriere_filme\inchiriere_filme\x64\debug\inchiriere_filme.tlog\cl.items.tlog
d:\ubb info\ubb info - anul i (2023-2024)\anul i - sem. ii\poo (programare orientata obiect)\laboratoare\lab14\inchiriere_filme\inchiriere_filme\x64\debug\inchiriere_filme.tlog\cl.read.1.tlog
d:\ubb info\ubb info - anul i (2023-2024)\anul i - sem. ii\poo (programare orientata obiect)\laboratoare\lab14\inchiriere_filme\inchiriere_filme\x64\debug\inchiriere_filme.tlog\cl.write.1.tlog
d:\ubb info\ubb info - anul i (2023-2024)\anul i - sem. ii\poo (programare orientata obiect)\laboratoare\lab14\inchiriere_filme\inchiriere_filme\x64\debug\inchiriere_filme.tlog\inchiriere_filme.write.1u.tlog
d:\ubb info\ubb info - anul i (2023-2024)\anul i - sem. ii\poo (programare orientata obiect)\laboratoare\lab14\inchiriere_filme\inchiriere_filme\x64\debug\inchiriere_filme.tlog\link.command.1.tlog
d:\ubb info\ubb info - anul i (2023-2024)\anul i - sem. ii\poo (programare orientata obiect)\laboratoare\lab14\inchiriere_filme\inchiriere_filme\x64\debug\inchiriere_filme.tlog\link.read.1.tlog
d:\ubb info\ubb info - anul i (2023-2024)\anul i - sem. ii\poo (programare orientata obiect)\laboratoare\lab14\inchiriere_filme\inchiriere_filme\x64\debug\inchiriere_filme.tlog\link.secondary.1.tlog
d:\ubb info\ubb info - anul i (2023-2024)\anul i - sem. ii\poo (programare orientata obiect)\laboratoare\lab14\inchiriere_filme\inchiriere_filme\x64\debug\inchiriere_filme.tlog\link.write.1.tlog
d:\ubb info\ubb info - anul i (2023-2024)\anul i - sem. ii\poo (programare orientata obiect)\laboratoare\lab14\inchiriere_filme\inchiriere_filme\x64\debug\inchiriere_filme.tlog\moc.read.1u.tlog
d:\ubb info\ubb info - anul i (2023-2024)\anul i - sem. ii\poo (programare orientata obiect)\laboratoare\lab14\inchiriere_filme\inchiriere_filme\x64\debug\inchiriere_filme.tlog\moc.write.1u.tlog
d:\ubb info\ubb info - anul i (2023-2024)\anul i - sem. ii\poo (programare orientata obiect)\laboratoare\lab14\inchiriere_filme\inchiriere_filme\x64\debug\inchiriere_filme.tlog\rcc.read.1u.tlog
d:\ubb info\ubb info - anul i (2023-2024)\anul i - sem. ii\poo (programare orientata obiect)\laboratoare\lab14\inchiriere_filme\inchiriere_filme\x64\debug\inchiriere_filme.tlog\rcc.write.1u.tlog
d:\ubb info\ubb info - anul i (2023-2024)\anul i - sem. ii\poo (programare orientata obiect)\laboratoare\lab14\inchiriere_filme\inchiriere_filme\x64\debug\inchiriere_filme.tlog\uic.read.1u.tlog
d:\ubb info\ubb info - anul i (2023-2024)\anul i - sem. ii\poo (programare orientata obiect)\laboratoare\lab14\inchiriere_filme\inchiriere_filme\x64\debug\inchiriere_filme.tlog\uic.write.1u.tlog
